2025-03-22 09:30:02,743 WARNING database DDL Query made to DB:
create table `tabAsset` (
			name varchar(140) primary key,
			creation datetime(6),
			modified datetime(6),
			modified_by varchar(140),
			owner varchar(140),
			docstatus int(1) not null default '0',
			idx int(8) not null default '0',
			`company` varchar(140),
`item_code` varchar(140),
`item_name` varchar(140),
`asset_owner` varchar(140),
`asset_owner_company` varchar(140),
`is_existing_asset` int(1) not null default 0,
`is_composite_asset` int(1) not null default 0,
`supplier` varchar(140),
`customer` varchar(140),
`image` text,
`journal_entry_for_scrap` varchar(140),
`naming_series` varchar(140),
`asset_name` varchar(140),
`asset_category` varchar(140),
`location` varchar(140),
`split_from` varchar(140),
`custodian` varchar(140),
`department` varchar(140),
`disposal_date` date,
`cost_center` varchar(140),
`purchase_receipt` varchar(140),
`purchase_receipt_item` varchar(140),
`purchase_invoice` varchar(140),
`purchase_invoice_item` varchar(140),
`purchase_date` date,
`available_for_use_date` date,
`gross_purchase_amount` decimal(21,9) not null default 0,
`asset_quantity` int(11) not null default 1,
`additional_asset_cost` decimal(21,9) not null default 0,
`total_asset_cost` decimal(21,9) not null default 0,
`calculate_depreciation` int(1) not null default 0,
`opening_accumulated_depreciation` decimal(21,9) not null default 0,
`opening_number_of_booked_depreciations` int(11) not null default 0,
`is_fully_depreciated` int(1) not null default 0,
`depreciation_method` varchar(140),
`value_after_depreciation` decimal(21,9) not null default 0,
`total_number_of_depreciations` int(11) not null default 0,
`frequency_of_depreciation` int(11) not null default 0,
`next_depreciation_date` date,
`policy_number` varchar(140),
`insurer` varchar(140),
`insured_value` varchar(140),
`insurance_start_date` date,
`insurance_end_date` date,
`comprehensive_insurance` varchar(140),
`maintenance_required` int(1) not null default 0,
`status` varchar(140) default 'Draft',
`booked_fixed_asset` int(1) not null default 0,
`purchase_amount` decimal(21,9) not null default 0,
`default_finance_book` varchar(140),
`depr_entry_posting_status` varchar(140),
`amended_from` varchar(140),
`_user_tags` text,
`_comments` text,
`_assign` text,
`_liked_by` text,
index modified(modified))
			ENGINE=InnoDB
			ROW_FORMAT=DYNAMIC
			CHARACTER SET=utf8mb4
			COLLATE=utf8mb4_unicode_ci
2025-03-22 09:30:02,808 WARNING database DDL Query made to DB:
create table `tabAsset Category Account` (
			name varchar(140) primary key,
			creation datetime(6),
			modified datetime(6),
			modified_by varchar(140),
			owner varchar(140),
			docstatus int(1) not null default '0',
			idx int(8) not null default '0',
			`company_name` varchar(140),
`fixed_asset_account` varchar(140),
`accumulated_depreciation_account` varchar(140),
`depreciation_expense_account` varchar(140),
`capital_work_in_progress_account` varchar(140),
parent varchar(140),
parentfield varchar(140),
parenttype varchar(140),
index parent(parent))
			ENGINE=InnoDB
			ROW_FORMAT=DYNAMIC
			CHARACTER SET=utf8mb4
			COLLATE=utf8mb4_unicode_ci
2025-03-22 09:30:02,859 WARNING database DDL Query made to DB:
create table `tabMaintenance Team Member` (
			name varchar(140) primary key,
			creation datetime(6),
			modified datetime(6),
			modified_by varchar(140),
			owner varchar(140),
			docstatus int(1) not null default '0',
			idx int(8) not null default '0',
			`team_member` varchar(140),
`full_name` varchar(140),
`maintenance_role` varchar(140),
parent varchar(140),
parentfield varchar(140),
parenttype varchar(140),
index parent(parent))
			ENGINE=InnoDB
			ROW_FORMAT=DYNAMIC
			CHARACTER SET=utf8mb4
			COLLATE=utf8mb4_unicode_ci
2025-03-22 09:30:03,002 WARNING database DDL Query made to DB:
create table `tabHomepage Section` (
			name varchar(140) primary key,
			creation datetime(6),
			modified datetime(6),
			modified_by varchar(140),
			owner varchar(140),
			docstatus int(1) not null default '0',
			idx int(8) not null default '0',
			`section_based_on` varchar(140),
`no_of_columns` varchar(140) default '3',
`section_html` longtext,
`section_order` int(11) not null default 0,
`_user_tags` text,
`_comments` text,
`_assign` text,
`_liked_by` text,
index modified(modified))
			ENGINE=InnoDB
			ROW_FORMAT=DYNAMIC
			CHARACTER SET=utf8mb4
			COLLATE=utf8mb4_unicode_ci
2025-03-22 09:30:03,055 WARNING database DDL Query made to DB:
create table `tabHomepage Section Card` (
			name varchar(140) primary key,
			creation datetime(6),
			modified datetime(6),
			modified_by varchar(140),
			owner varchar(140),
			docstatus int(1) not null default '0',
			idx int(8) not null default '0',
			`title` varchar(140),
`subtitle` varchar(140),
`image` text,
`content` text,
`route` varchar(140),
parent varchar(140),
parentfield varchar(140),
parenttype varchar(140),
index parent(parent))
			ENGINE=InnoDB
			ROW_FORMAT=DYNAMIC
			CHARACTER SET=utf8mb4
			COLLATE=utf8mb4_unicode_ci
2025-03-22 09:30:03,103 WARNING database DDL Query made to DB:
create table `tabWebsite Filter Field` (
			name varchar(140) primary key,
			creation datetime(6),
			modified datetime(6),
			modified_by varchar(140),
			owner varchar(140),
			docstatus int(1) not null default '0',
			idx int(8) not null default '0',
			`fieldname` varchar(140),
parent varchar(140),
parentfield varchar(140),
parenttype varchar(140),
index parent(parent))
			ENGINE=InnoDB
			ROW_FORMAT=DYNAMIC
			CHARACTER SET=utf8mb4
			COLLATE=utf8mb4_unicode_ci
2025-03-22 09:30:03,203 WARNING database DDL Query made to DB:
create table `tabWebsite Attribute` (
			name varchar(140) primary key,
			creation datetime(6),
			modified datetime(6),
			modified_by varchar(140),
			owner varchar(140),
			docstatus int(1) not null default '0',
			idx int(8) not null default '0',
			`attribute` varchar(140),
parent varchar(140),
parentfield varchar(140),
parenttype varchar(140),
index parent(parent))
			ENGINE=InnoDB
			ROW_FORMAT=DYNAMIC
			CHARACTER SET=utf8mb4
			COLLATE=utf8mb4_unicode_ci
2025-03-22 09:30:03,270 WARNING database DDL Query made to DB:
create table `tabMaintenance Schedule Detail` (
			name varchar(140) primary key,
			creation datetime(6),
			modified datetime(6),
			modified_by varchar(140),
			owner varchar(140),
			docstatus int(1) not null default '0',
			idx int(8) not null default '0',
			`item_code` varchar(140),
`item_name` varchar(140),
`scheduled_date` date,
`actual_date` date,
`sales_person` varchar(140),
`completion_status` varchar(140) default 'Pending',
`serial_no` text,
`item_reference` varchar(140),
index `item_code`(`item_code`),
index `scheduled_date`(`scheduled_date`),
parent varchar(140),
parentfield varchar(140),
parenttype varchar(140),
index parent(parent))
			ENGINE=InnoDB
			ROW_FORMAT=DYNAMIC
			CHARACTER SET=utf8mb4
			COLLATE=utf8mb4_unicode_ci
2025-03-22 09:30:03,347 WARNING database DDL Query made to DB:
create table `tabMaintenance Schedule Item` (
			name varchar(140) primary key,
			creation datetime(6),
			modified datetime(6),
			modified_by varchar(140),
			owner varchar(140),
			docstatus int(1) not null default '0',
			idx int(8) not null default '0',
			`item_code` varchar(140),
`item_name` varchar(140),
`description` longtext,
`start_date` date,
`end_date` date,
`periodicity` varchar(140),
`no_of_visits` int(11) not null default 0,
`sales_person` varchar(140),
`serial_no` text,
`sales_order` varchar(140),
`serial_and_batch_bundle` varchar(140),
index `item_code`(`item_code`),
index `start_date`(`start_date`),
index `end_date`(`end_date`),
index `sales_order`(`sales_order`),
parent varchar(140),
parentfield varchar(140),
parenttype varchar(140),
index parent(parent))
			ENGINE=InnoDB
			ROW_FORMAT=DYNAMIC
			CHARACTER SET=utf8mb4
			COLLATE=utf8mb4_unicode_ci
2025-03-22 09:30:03,430 WARNING database DDL Query made to DB:
create table `tabMaintenance Schedule` (
			name varchar(140) primary key,
			creation datetime(6),
			modified datetime(6),
			modified_by varchar(140),
			owner varchar(140),
			docstatus int(1) not null default '0',
			idx int(8) not null default '0',
			`naming_series` varchar(140),
`customer` varchar(140),
`status` varchar(140) default 'Draft',
`transaction_date` date,
`customer_name` varchar(140),
`contact_person` varchar(140),
`contact_mobile` varchar(140),
`contact_email` varchar(140),
`contact_display` text,
`customer_address` varchar(140),
`address_display` text,
`territory` varchar(140),
`customer_group` varchar(140),
`company` varchar(140),
`amended_from` varchar(140),
`_user_tags` text,
`_comments` text,
`_assign` text,
`_liked_by` text,
index `customer`(`customer`),
index modified(modified))
			ENGINE=InnoDB
			ROW_FORMAT=DYNAMIC
			CHARACTER SET=utf8mb4
			COLLATE=utf8mb4_unicode_ci
2025-03-22 09:30:03,494 WARNING database DDL Query made to DB:
create table `tabMaintenance Visit Purpose` (
			name varchar(140) primary key,
			creation datetime(6),
			modified datetime(6),
			modified_by varchar(140),
			owner varchar(140),
			docstatus int(1) not null default '0',
			idx int(8) not null default '0',
			`item_code` varchar(140),
`item_name` varchar(140),
`service_person` varchar(140),
`serial_no` varchar(140),
`description` longtext,
`work_done` text,
`prevdoc_doctype` varchar(140),
`prevdoc_docname` varchar(140),
`maintenance_schedule_detail` varchar(140),
parent varchar(140),
parentfield varchar(140),
parenttype varchar(140),
index parent(parent))
			ENGINE=InnoDB
			ROW_FORMAT=DYNAMIC
			CHARACTER SET=utf8mb4
			COLLATE=utf8mb4_unicode_ci
2025-03-22 09:30:03,584 WARNING database DDL Query made to DB:
create table `tabMaintenance Visit` (
			name varchar(140) primary key,
			creation datetime(6),
			modified datetime(6),
			modified_by varchar(140),
			owner varchar(140),
			docstatus int(1) not null default '0',
			idx int(8) not null default '0',
			`naming_series` varchar(140),
`customer` varchar(140),
`customer_name` varchar(140),
`address_display` text,
`contact_display` text,
`contact_mobile` varchar(140),
`contact_email` varchar(140),
`maintenance_schedule` varchar(140),
`maintenance_schedule_detail` varchar(140),
`mntc_date` date,
`mntc_time` time(6),
`completion_status` varchar(140),
`maintenance_type` varchar(140) default 'Unscheduled',
`customer_feedback` text,
`status` varchar(140) default 'Draft',
`amended_from` varchar(140),
`company` varchar(140),
`customer_address` varchar(140),
`contact_person` varchar(140),
`territory` varchar(140),
`customer_group` varchar(140),
`_user_tags` text,
`_comments` text,
`_assign` text,
`_liked_by` text,
index modified(modified))
			ENGINE=InnoDB
			ROW_FORMAT=DYNAMIC
			CHARACTER SET=utf8mb4
			COLLATE=utf8mb4_unicode_ci
2025-03-22 09:30:03,677 WARNING database DDL Query made to DB:
create table `tabUAE VAT Settings` (
			name varchar(140) primary key,
			creation datetime(6),
			modified datetime(6),
			modified_by varchar(140),
			owner varchar(140),
			docstatus int(1) not null default '0',
			idx int(8) not null default '0',
			`company` varchar(140) unique,
`_user_tags` text,
`_comments` text,
`_assign` text,
`_liked_by` text,
index modified(modified))
			ENGINE=InnoDB
			ROW_FORMAT=DYNAMIC
			CHARACTER SET=utf8mb4
			COLLATE=utf8mb4_unicode_ci
2025-03-22 09:30:03,754 WARNING database DDL Query made to DB:
create table `tabUAE VAT Account` (
			name varchar(140) primary key,
			creation datetime(6),
			modified datetime(6),
			modified_by varchar(140),
			owner varchar(140),
			docstatus int(1) not null default '0',
			idx int(8) not null default '0',
			`account` varchar(140),
parent varchar(140),
parentfield varchar(140),
parenttype varchar(140),
index parent(parent))
			ENGINE=InnoDB
			ROW_FORMAT=DYNAMIC
			CHARACTER SET=utf8mb4
			COLLATE=utf8mb4_unicode_ci
2025-03-22 09:30:03,846 WARNING database DDL Query made to DB:
create table `tabImport Supplier Invoice` (
			name varchar(140) primary key,
			creation datetime(6),
			modified datetime(6),
			modified_by varchar(140),
			owner varchar(140),
			docstatus int(1) not null default '0',
			idx int(8) not null default '0',
			`invoice_series` varchar(140),
`company` varchar(140),
`item_code` varchar(140),
`supplier_group` varchar(140),
`tax_account` varchar(140),
`default_buying_price_list` varchar(140),
`zip_file` text,
`status` varchar(140),
`_user_tags` text,
`_comments` text,
`_assign` text,
`_liked_by` text,
index modified(modified))
			ENGINE=InnoDB
			ROW_FORMAT=DYNAMIC
			CHARACTER SET=utf8mb4
			COLLATE=utf8mb4_unicode_ci
2025-03-22 09:30:03,912 WARNING database DDL Query made to DB:
create table `tabSouth Africa VAT Settings` (
			name varchar(140) primary key,
			creation datetime(6),
			modified datetime(6),
			modified_by varchar(140),
			owner varchar(140),
			docstatus int(1) not null default '0',
			idx int(8) not null default '0',
			`company` varchar(140) unique,
`_user_tags` text,
`_comments` text,
`_assign` text,
`_liked_by` text,
index modified(modified))
			ENGINE=InnoDB
			ROW_FORMAT=DYNAMIC
			CHARACTER SET=utf8mb4
			COLLATE=utf8mb4_unicode_ci
2025-03-22 09:30:03,989 WARNING database DDL Query made to DB:
create table `tabLower Deduction Certificate` (
			name varchar(140) primary key,
			creation datetime(6),
			modified datetime(6),
			modified_by varchar(140),
			owner varchar(140),
			docstatus int(1) not null default '0',
			idx int(8) not null default '0',
			`tax_withholding_category` varchar(140),
`fiscal_year` varchar(140),
`company` varchar(140),
`certificate_no` varchar(140) unique,
`supplier` varchar(140),
`pan_no` varchar(140),
`valid_from` date,
`valid_upto` date,
`rate` decimal(21,9) not null default 0,
`certificate_limit` decimal(21,9) not null default 0,
`_user_tags` text,
`_comments` text,
`_assign` text,
`_liked_by` text,
index modified(modified))
			ENGINE=InnoDB
			ROW_FORMAT=DYNAMIC
			CHARACTER SET=utf8mb4
			COLLATE=utf8mb4_unicode_ci
2025-03-22 09:30:04,203 WARNING database DDL Query made to DB:
create table `tabQuality Procedure` (
			name varchar(140) primary key,
			creation datetime(6),
			modified datetime(6),
			modified_by varchar(140),
			owner varchar(140),
			docstatus int(1) not null default '0',
			idx int(8) not null default '0',
			`quality_procedure_name` varchar(140) unique,
`process_owner` varchar(140),
`process_owner_full_name` varchar(140),
`parent_quality_procedure` varchar(140),
`is_group` int(1) not null default 0,
`rgt` int(11) not null default 0,
`lft` int(11) not null default 0,
`old_parent` varchar(140),
`_user_tags` text,
`_comments` text,
`_assign` text,
`_liked_by` text,
index modified(modified))
			ENGINE=InnoDB
			ROW_FORMAT=DYNAMIC
			CHARACTER SET=utf8mb4
			COLLATE=utf8mb4_unicode_ci
2025-03-22 09:30:04,270 WARNING database DDL Query made to DB:
create table `tabQuality Goal` (
			name varchar(140) primary key,
			creation datetime(6),
			modified datetime(6),
			modified_by varchar(140),
			owner varchar(140),
			docstatus int(1) not null default '0',
			idx int(8) not null default '0',
			`goal` varchar(140) unique,
`frequency` varchar(140) default 'None',
`procedure` varchar(140),
`weekday` varchar(140),
`date` varchar(140),
`_user_tags` text,
`_comments` text,
`_assign` text,
`_liked_by` text,
index modified(modified))
			ENGINE=InnoDB
			ROW_FORMAT=DYNAMIC
			CHARACTER SET=utf8mb4
			COLLATE=utf8mb4_unicode_ci
2025-03-22 09:30:04,328 WARNING database DDL Query made to DB:
create table `tabQuality Procedure Process` (
			name varchar(140) primary key,
			creation datetime(6),
			modified datetime(6),
			modified_by varchar(140),
			owner varchar(140),
			docstatus int(1) not null default '0',
			idx int(8) not null default '0',
			`process_description` longtext,
`procedure` varchar(140),
parent varchar(140),
parentfield varchar(140),
parenttype varchar(140),
index parent(parent))
			ENGINE=InnoDB
			ROW_FORMAT=DYNAMIC
			CHARACTER SET=utf8mb4
			COLLATE=utf8mb4_unicode_ci
2025-03-22 09:30:04,381 WARNING database DDL Query made to DB:
create table `tabQuality Action Resolution` (
			name varchar(140) primary key,
			creation datetime(6),
			modified datetime(6),
			modified_by varchar(140),
			owner varchar(140),
			docstatus int(1) not null default '0',
			idx int(8) not null default '0',
			`problem` longtext,
`resolution` longtext,
`status` varchar(140),
`responsible` varchar(140),
`completion_by` date,
parent varchar(140),
parentfield varchar(140),
parenttype varchar(140),
index parent(parent))
			ENGINE=InnoDB
			ROW_FORMAT=DYNAMIC
			CHARACTER SET=utf8mb4
			COLLATE=utf8mb4_unicode_ci
2025-03-22 09:30:04,441 WARNING database DDL Query made to DB:
create table `tabQuality Feedback` (
			name varchar(140) primary key,
			creation datetime(6),
			modified datetime(6),
			modified_by varchar(140),
			owner varchar(140),
			docstatus int(1) not null default '0',
			idx int(8) not null default '0',
			`template` varchar(140),
`document_type` varchar(140),
`document_name` varchar(140),
`_user_tags` text,
`_comments` text,
`_assign` text,
`_liked_by` text,
index modified(modified))
			ENGINE=InnoDB
			ROW_FORMAT=DYNAMIC
			CHARACTER SET=utf8mb4
			COLLATE=utf8mb4_unicode_ci
2025-03-22 09:30:04,496 WARNING database DDL Query made to DB:
create table `tabQuality Feedback Parameter` (
			name varchar(140) primary key,
			creation datetime(6),
			modified datetime(6),
			modified_by varchar(140),
			owner varchar(140),
			docstatus int(1) not null default '0',
			idx int(8) not null default '0',
			`parameter` varchar(140),
`rating` varchar(140) default '1',
`feedback` longtext,
parent varchar(140),
parentfield varchar(140),
parenttype varchar(140),
index parent(parent))
			ENGINE=InnoDB
			ROW_FORMAT=DYNAMIC
			CHARACTER SET=utf8mb4
			COLLATE=utf8mb4_unicode_ci
2025-03-22 09:30:04,548 WARNING database DDL Query made to DB:
create table `tabQuality Goal Objective` (
			name varchar(140) primary key,
			creation datetime(6),
			modified datetime(6),
			modified_by varchar(140),
			owner varchar(140),
			docstatus int(1) not null default '0',
			idx int(8) not null default '0',
			`objective` text,
`target` varchar(140),
`uom` varchar(140),
parent varchar(140),
parentfield varchar(140),
parenttype varchar(140),
index parent(parent))
			ENGINE=InnoDB
			ROW_FORMAT=DYNAMIC
			CHARACTER SET=utf8mb4
			COLLATE=utf8mb4_unicode_ci
2025-03-22 09:30:04,599 WARNING database DDL Query made to DB:
create table `tabQuality Feedback Template Parameter` (
			name varchar(140) primary key,
			creation datetime(6),
			modified datetime(6),
			modified_by varchar(140),
			owner varchar(140),
			docstatus int(1) not null default '0',
			idx int(8) not null default '0',
			`parameter` varchar(140),
parent varchar(140),
parentfield varchar(140),
parenttype varchar(140),
index parent(parent))
			ENGINE=InnoDB
			ROW_FORMAT=DYNAMIC
			CHARACTER SET=utf8mb4
			COLLATE=utf8mb4_unicode_ci
2025-03-22 09:30:04,656 WARNING database DDL Query made to DB:
create table `tabQuality Review` (
			name varchar(140) primary key,
			creation datetime(6),
			modified datetime(6),
			modified_by varchar(140),
			owner varchar(140),
			docstatus int(1) not null default '0',
			idx int(8) not null default '0',
			`goal` varchar(140),
`date` date,
`procedure` varchar(140),
`status` varchar(140) default 'Open',
`additional_information` text,
`_user_tags` text,
`_comments` text,
`_assign` text,
`_liked_by` text,
index modified(modified))
			ENGINE=InnoDB
			ROW_FORMAT=DYNAMIC
			CHARACTER SET=utf8mb4
			COLLATE=utf8mb4_unicode_ci
2025-03-22 09:30:04,710 WARNING database DDL Query made to DB:
create table `tabQuality Meeting Agenda` (
			name varchar(140) primary key,
			creation datetime(6),
			modified datetime(6),
			modified_by varchar(140),
			owner varchar(140),
			docstatus int(1) not null default '0',
			idx int(8) not null default '0',
			`agenda` longtext,
parent varchar(140),
parentfield varchar(140),
parenttype varchar(140),
index parent(parent))
			ENGINE=InnoDB
			ROW_FORMAT=DYNAMIC
			CHARACTER SET=utf8mb4
			COLLATE=utf8mb4_unicode_ci
2025-03-22 09:30:04,763 WARNING database DDL Query made to DB:
create table `tabQuality Meeting` (
			name varchar(140) primary key,
			creation datetime(6),
			modified datetime(6),
			modified_by varchar(140),
			owner varchar(140),
			docstatus int(1) not null default '0',
			idx int(8) not null default '0',
			`status` varchar(140) default 'Open',
`_user_tags` text,
`_comments` text,
`_assign` text,
`_liked_by` text,
index modified(modified))
			ENGINE=InnoDB
			ROW_FORMAT=DYNAMIC
			CHARACTER SET=utf8mb4
			COLLATE=utf8mb4_unicode_ci
2025-03-22 09:30:04,828 WARNING database DDL Query made to DB:
create table `tabQuality Review Objective` (
			name varchar(140) primary key,
			creation datetime(6),
			modified datetime(6),
			modified_by varchar(140),
			owner varchar(140),
			docstatus int(1) not null default '0',
			idx int(8) not null default '0',
			`objective` text,
`target` varchar(140),
`uom` varchar(140),
`status` varchar(140) default 'Open',
`review` longtext,
parent varchar(140),
parentfield varchar(140),
parenttype varchar(140),
index parent(parent))
			ENGINE=InnoDB
			ROW_FORMAT=DYNAMIC
			CHARACTER SET=utf8mb4
			COLLATE=utf8mb4_unicode_ci
2025-03-22 09:30:04,883 WARNING database DDL Query made to DB:
create table `tabQuality Feedback Template` (
			name varchar(140) primary key,
			creation datetime(6),
			modified datetime(6),
			modified_by varchar(140),
			owner varchar(140),
			docstatus int(1) not null default '0',
			idx int(8) not null default '0',
			`template` varchar(140) unique,
`_user_tags` text,
`_comments` text,
`_assign` text,
`_liked_by` text,
index modified(modified))
			ENGINE=InnoDB
			ROW_FORMAT=DYNAMIC
			CHARACTER SET=utf8mb4
			COLLATE=utf8mb4_unicode_ci
2025-03-22 09:30:04,942 WARNING database DDL Query made to DB:
create table `tabNon Conformance` (
			name varchar(140) primary key,
			creation datetime(6),
			modified datetime(6),
			modified_by varchar(140),
			owner varchar(140),
			docstatus int(1) not null default '0',
			idx int(8) not null default '0',
			`subject` varchar(140),
`procedure` varchar(140),
`process_owner` varchar(140),
`full_name` varchar(140),
`status` varchar(140),
`details` longtext,
`corrective_action` longtext,
`preventive_action` longtext,
`_user_tags` text,
`_comments` text,
`_assign` text,
`_liked_by` text,
index modified(modified))
			ENGINE=InnoDB
			ROW_FORMAT=DYNAMIC
			CHARACTER SET=utf8mb4
			COLLATE=utf8mb4_unicode_ci
2025-03-22 09:30:05,005 WARNING database DDL Query made to DB:
create table `tabQuality Meeting Minutes` (
			name varchar(140) primary key,
			creation datetime(6),
			modified datetime(6),
			modified_by varchar(140),
			owner varchar(140),
			docstatus int(1) not null default '0',
			idx int(8) not null default '0',
			`document_type` varchar(140),
`document_name` varchar(140),
`minute` longtext,
parent varchar(140),
parentfield varchar(140),
parenttype varchar(140),
index parent(parent))
			ENGINE=InnoDB
			ROW_FORMAT=DYNAMIC
			CHARACTER SET=utf8mb4
			COLLATE=utf8mb4_unicode_ci
2025-03-22 09:30:05,062 WARNING database DDL Query made to DB:
create table `tabQuality Action` (
			name varchar(140) primary key,
			creation datetime(6),
			modified datetime(6),
			modified_by varchar(140),
			owner varchar(140),
			docstatus int(1) not null default '0',
			idx int(8) not null default '0',
			`corrective_preventive` varchar(140) default 'Corrective',
`review` varchar(140),
`feedback` varchar(140),
`status` varchar(140) default 'Open',
`date` date,
`goal` varchar(140),
`procedure` varchar(140),
`_user_tags` text,
`_comments` text,
`_assign` text,
`_liked_by` text,
index modified(modified))
			ENGINE=InnoDB
			ROW_FORMAT=DYNAMIC
			CHARACTER SET=utf8mb4
			COLLATE=utf8mb4_unicode_ci
2025-03-22 09:30:05,138 WARNING database DDL Query made to DB:
create table `tabCommunication Medium Timeslot` (
			name varchar(140) primary key,
			creation datetime(6),
			modified datetime(6),
			modified_by varchar(140),
			owner varchar(140),
			docstatus int(1) not null default '0',
			idx int(8) not null default '0',
			`day_of_week` varchar(140),
`from_time` time(6),
`to_time` time(6),
`employee_group` varchar(140),
parent varchar(140),
parentfield varchar(140),
parenttype varchar(140),
index parent(parent))
			ENGINE=InnoDB
			ROW_FORMAT=DYNAMIC
			CHARACTER SET=utf8mb4
			COLLATE=utf8mb4_unicode_ci
2025-03-22 09:30:05,201 WARNING database DDL Query made to DB:
create table `tabCommunication Medium` (
			name varchar(140) primary key,
			creation datetime(6),
			modified datetime(6),
			modified_by varchar(140),
			owner varchar(140),
			docstatus int(1) not null default '0',
			idx int(8) not null default '0',
			`communication_channel` varchar(140),
`communication_medium_type` varchar(140),
`catch_all` varchar(140),
`provider` varchar(140),
`disabled` int(1) not null default 0,
`_user_tags` text,
`_comments` text,
`_assign` text,
`_liked_by` text,
index modified(modified))
			ENGINE=InnoDB
			ROW_FORMAT=DYNAMIC
			CHARACTER SET=utf8mb4
			COLLATE=utf8mb4_unicode_ci
2025-03-22 09:30:05,277 WARNING database DDL Query made to DB:
create table `tabCall Log` (
			name varchar(140) primary key,
			creation datetime(6),
			modified datetime(6),
			modified_by varchar(140),
			owner varchar(140),
			docstatus int(1) not null default '0',
			idx int(8) not null default '0',
			`id` varchar(140) unique,
`from` varchar(140),
`to` varchar(140),
`call_received_by` varchar(140),
`employee_user_id` varchar(140),
`medium` varchar(140),
`start_time` datetime(6),
`end_time` datetime(6),
`type` varchar(140),
`customer` varchar(140),
`status` varchar(140),
`duration` decimal(21,9),
`recording_url` varchar(140),
`type_of_call` varchar(140),
`summary` text,
`_user_tags` text,
`_comments` text,
`_assign` text,
`_liked_by` text,
index modified(modified))
			ENGINE=InnoDB
			ROW_FORMAT=DYNAMIC
			CHARACTER SET=utf8mb4
			COLLATE=utf8mb4_unicode_ci
2025-03-22 09:30:05,351 WARNING database DDL Query made to DB:
create table `tabTelephony Call Type` (
			name varchar(140) primary key,
			creation datetime(6),
			modified datetime(6),
			modified_by varchar(140),
			owner varchar(140),
			docstatus int(1) not null default '0',
			idx int(8) not null default '0',
			`call_type` varchar(140) unique,
`amended_from` varchar(140),
`_user_tags` text,
`_comments` text,
`_assign` text,
`_liked_by` text,
index modified(modified))
			ENGINE=InnoDB
			ROW_FORMAT=DYNAMIC
			CHARACTER SET=utf8mb4
			COLLATE=utf8mb4_unicode_ci
2025-03-22 09:30:05,420 WARNING database DDL Query made to DB:
create table `tabIncoming Call Handling Schedule` (
			name varchar(140) primary key,
			creation datetime(6),
			modified datetime(6),
			modified_by varchar(140),
			owner varchar(140),
			docstatus int(1) not null default '0',
			idx int(8) not null default '0',
			`day_of_week` varchar(140),
`from_time` time(6) default '9:00:00',
`to_time` time(6) default '17:00:00',
`agent_group` varchar(140),
parent varchar(140),
parentfield varchar(140),
parenttype varchar(140),
index parent(parent))
			ENGINE=InnoDB
			ROW_FORMAT=DYNAMIC
			CHARACTER SET=utf8mb4
			COLLATE=utf8mb4_unicode_ci
2025-03-22 09:30:05,477 WARNING database DDL Query made to DB:
create table `tabVoice Call Settings` (
			name varchar(140) primary key,
			creation datetime(6),
			modified datetime(6),
			modified_by varchar(140),
			owner varchar(140),
			docstatus int(1) not null default '0',
			idx int(8) not null default '0',
			`user` varchar(140) unique,
`call_receiving_device` varchar(140) default 'Computer',
`greeting_message` varchar(140),
`agent_busy_message` varchar(140),
`agent_unavailable_message` varchar(140),
`_user_tags` text,
`_comments` text,
`_assign` text,
`_liked_by` text,
index modified(modified))
			ENGINE=InnoDB
			ROW_FORMAT=DYNAMIC
			CHARACTER SET=utf8mb4
			COLLATE=utf8mb4_unicode_ci
2025-03-22 09:30:05,533 WARNING database DDL Query made to DB:
create table `tabIncoming Call Settings` (
			name varchar(140) primary key,
			creation datetime(6),
			modified datetime(6),
			modified_by varchar(140),
			owner varchar(140),
			docstatus int(1) not null default '0',
			idx int(8) not null default '0',
			`call_routing` varchar(140) default 'Sequential',
`greeting_message` varchar(140),
`agent_busy_message` varchar(140),
`agent_unavailable_message` varchar(140),
`_user_tags` text,
`_comments` text,
`_assign` text,
`_liked_by` text,
index modified(modified))
			ENGINE=InnoDB
			ROW_FORMAT=DYNAMIC
			CHARACTER SET=utf8mb4
			COLLATE=utf8mb4_unicode_ci
2025-03-22 09:30:05,606 WARNING database DDL Query made to DB:
create table `tabBulk Transaction Log Detail` (
			name varchar(140) primary key,
			creation datetime(6),
			modified datetime(6),
			modified_by varchar(140),
			owner varchar(140),
			docstatus int(1) not null default '0',
			idx int(8) not null default '0',
			`from_doctype` varchar(140),
`transaction_name` varchar(140),
`date` date,
`time` time(6),
`transaction_status` varchar(140),
`error_description` longtext,
`to_doctype` varchar(140),
`retried` int(11) not null default 0,
`_user_tags` text,
`_comments` text,
`_assign` text,
`_liked_by` text,
index `from_doctype`(`from_doctype`),
index `transaction_name`(`transaction_name`),
index `date`(`date`),
index modified(modified))
			ENGINE=InnoDB
			ROW_FORMAT=DYNAMIC
			CHARACTER SET=utf8mb4
			COLLATE=utf8mb4_unicode_ci
2025-03-22 09:30:05,810 WARNING database DDL Query made to DB:
create table `tabSubcontracting Receipt` (
			name varchar(140) primary key,
			creation datetime(6),
			modified datetime(6),
			modified_by varchar(140),
			owner varchar(140),
			docstatus int(1) not null default '0',
			idx int(8) not null default '0',
			`title` varchar(140) default '{supplier_name}',
`naming_series` varchar(140),
`supplier` varchar(140),
`supplier_name` varchar(140),
`supplier_delivery_note` varchar(140),
`company` varchar(140),
`posting_date` date,
`posting_time` time(6),
`set_posting_time` int(1) not null default 0,
`is_return` int(1) not null default 0,
`return_against` varchar(140),
`cost_center` varchar(140),
`project` varchar(140),
`set_warehouse` varchar(140),
`rejected_warehouse` varchar(140),
`supplier_warehouse` varchar(140),
`total_qty` decimal(21,9) not null default 0,
`total` decimal(21,9) not null default 0,
`in_words` varchar(240),
`bill_no` varchar(140),
`bill_date` date,
`supplier_address` varchar(140),
`contact_person` varchar(140),
`address_display` text,
`contact_display` text,
`contact_mobile` text,
`contact_email` text,
`shipping_address` varchar(140),
`shipping_address_display` text,
`billing_address` varchar(140),
`billing_address_display` text,
`distribute_additional_costs_based_on` varchar(140) default 'Qty',
`total_additional_costs` decimal(21,9) not null default 0,
`amended_from` varchar(140),
`range` varchar(140),
`represents_company` varchar(140),
`status` varchar(140) default 'Draft',
`per_returned` decimal(21,9) not null default 0,
`auto_repeat` varchar(140),
`letter_head` varchar(140),
`language` varchar(140),
`instructions` text,
`select_print_heading` varchar(140),
`remarks` text,
`transporter_name` varchar(140),
`lr_no` varchar(140),
`lr_date` date,
`_user_tags` text,
`_comments` text,
`_assign` text,
`_liked_by` text,
index `supplier`(`supplier`),
index `posting_date`(`posting_date`),
index `status`(`status`),
index modified(modified))
			ENGINE=InnoDB
			ROW_FORMAT=DYNAMIC
			CHARACTER SET=utf8mb4
			COLLATE=utf8mb4_unicode_ci
2025-03-22 09:30:05,986 WARNING database DDL Query made to DB:
create table `tabSubcontracting Order Item` (
			name varchar(140) primary key,
			creation datetime(6),
			modified datetime(6),
			modified_by varchar(140),
			owner varchar(140),
			docstatus int(1) not null default '0',
			idx int(8) not null default '0',
			`item_code` varchar(140),
`item_name` varchar(140),
`bom` varchar(140),
`include_exploded_items` int(1) not null default 0,
`schedule_date` date,
`expected_delivery_date` date,
`description` longtext,
`image` text,
`qty` decimal(21,9) not null default 1.0,
`received_qty` decimal(21,9) not null default 0,
`returned_qty` decimal(21,9) not null default 0,
`stock_uom` varchar(140),
`conversion_factor` decimal(21,9) not null default 1.0,
`rate` decimal(21,9) not null default 0,
`amount` decimal(21,9) not null default 0,
`rm_cost_per_qty` decimal(21,9) not null default 0,
`service_cost_per_qty` decimal(21,9) not null default 0,
`additional_cost_per_qty` decimal(21,9) not null default 0,
`warehouse` varchar(140),
`expense_account` varchar(140),
`manufacturer` varchar(140),
`manufacturer_part_no` varchar(140),
`material_request` varchar(140),
`material_request_item` varchar(140),
`cost_center` varchar(140),
`project` varchar(140),
`purchase_order_item` varchar(140),
`page_break` int(1) not null default 0,
`subcontracting_conversion_factor` decimal(21,9) not null default 0,
`job_card` varchar(140),
index `item_code`(`item_code`),
index `expected_delivery_date`(`expected_delivery_date`),
index `material_request`(`material_request`),
index `material_request_item`(`material_request_item`),
index `purchase_order_item`(`purchase_order_item`),
parent varchar(140),
parentfield varchar(140),
parenttype varchar(140),
index parent(parent))
			ENGINE=InnoDB
			ROW_FORMAT=DYNAMIC
			CHARACTER SET=utf8mb4
			COLLATE=utf8mb4_unicode_ci
2025-03-22 09:30:06,095 WARNING database DDL Query made to DB:
create table `tabSubcontracting Order Service Item` (
			name varchar(140) primary key,
			creation datetime(6),
			modified datetime(6),
			modified_by varchar(140),
			owner varchar(140),
			docstatus int(1) not null default '0',
			idx int(8) not null default '0',
			`item_code` varchar(140),
`item_name` varchar(140),
`qty` decimal(21,9) not null default 0,
`rate` decimal(21,9) not null default 0,
`amount` decimal(21,9) not null default 0,
`fg_item` varchar(140),
`fg_item_qty` decimal(21,9) not null default 1.0,
`purchase_order_item` varchar(140),
`material_request` varchar(140),
`material_request_item` varchar(140),
index `item_code`(`item_code`),
index `purchase_order_item`(`purchase_order_item`),
parent varchar(140),
parentfield varchar(140),
parenttype varchar(140),
index parent(parent))
			ENGINE=InnoDB
			ROW_FORMAT=DYNAMIC
			CHARACTER SET=utf8mb4
			COLLATE=utf8mb4_unicode_ci
2025-03-22 09:30:06,260 WARNING database DDL Query made to DB:
create table `tabSubcontracting Order` (
			name varchar(140) primary key,
			creation datetime(6),
			modified datetime(6),
			modified_by varchar(140),
			owner varchar(140),
			docstatus int(1) not null default '0',
			idx int(8) not null default '0',
			`title` varchar(140) default '{supplier_name}',
`naming_series` varchar(140),
`purchase_order` varchar(140),
`supplier` varchar(140),
`supplier_name` varchar(140),
`supplier_warehouse` varchar(140),
`company` varchar(140),
`transaction_date` date,
`schedule_date` date,
`amended_from` varchar(140),
`cost_center` varchar(140),
`project` varchar(140),
`set_warehouse` varchar(140),
`total_qty` decimal(21,9) not null default 0,
`total` decimal(21,9) not null default 0,
`set_reserve_warehouse` varchar(140),
`supplier_address` varchar(140),
`address_display` text,
`contact_person` varchar(140),
`contact_display` text,
`contact_mobile` text,
`contact_email` text,
`shipping_address` varchar(140),
`shipping_address_display` text,
`billing_address` varchar(140),
`billing_address_display` text,
`distribute_additional_costs_based_on` varchar(140) default 'Qty',
`total_additional_costs` decimal(21,9) not null default 0,
`status` varchar(140) default 'Draft',
`per_received` decimal(21,9) not null default 0,
`select_print_heading` varchar(140),
`letter_head` varchar(140),
`_user_tags` text,
`_comments` text,
`_assign` text,
`_liked_by` text,
index `supplier`(`supplier`),
index `transaction_date`(`transaction_date`),
index `status`(`status`),
index modified(modified))
			ENGINE=InnoDB
			ROW_FORMAT=DYNAMIC
			CHARACTER SET=utf8mb4
			COLLATE=utf8mb4_unicode_ci
2025-03-22 09:30:06,398 WARNING database DDL Query made to DB:
create table `tabSubcontracting Receipt Supplied Item` (
			name varchar(140) primary key,
			creation datetime(6),
			modified datetime(6),
			modified_by varchar(140),
			owner varchar(140),
			docstatus int(1) not null default '0',
			idx int(8) not null default '0',
			`main_item_code` varchar(140),
`rm_item_code` varchar(140),
`item_name` varchar(140),
`bom_detail_no` varchar(140),
`description` longtext,
`stock_uom` varchar(140),
`conversion_factor` decimal(21,9) not null default 1.0,
`reference_name` varchar(140),
`rate` decimal(21,9) not null default 0,
`amount` decimal(21,9) not null default 0,
`available_qty_for_consumption` decimal(21,9) not null default 0,
`required_qty` decimal(21,9) not null default 0,
`consumed_qty` decimal(21,9) not null default 0,
`current_stock` decimal(21,9) not null default 0,
`serial_and_batch_bundle` varchar(140),
`use_serial_batch_fields` int(1) not null default 0,
`subcontracting_order` varchar(140),
`serial_no` text,
`batch_no` varchar(140),
parent varchar(140),
parentfield varchar(140),
parenttype varchar(140),
index parent(parent))
			ENGINE=InnoDB
			ROW_FORMAT=DYNAMIC
			CHARACTER SET=utf8mb4
			COLLATE=utf8mb4_unicode_ci
2025-03-22 09:30:06,575 WARNING database DDL Query made to DB:
create table `tabSubcontracting Receipt Item` (
			name varchar(140) primary key,
			creation datetime(6),
			modified datetime(6),
			modified_by varchar(140),
			owner varchar(140),
			docstatus int(1) not null default '0',
			idx int(8) not null default '0',
			`item_code` varchar(140),
`item_name` varchar(140),
`is_scrap_item` int(1) not null default 0,
`description` longtext,
`brand` varchar(140),
`image` text,
`received_qty` decimal(21,9) not null default 0,
`qty` decimal(21,9) not null default 0,
`rejected_qty` decimal(21,9) not null default 0,
`returned_qty` decimal(21,9) not null default 0,
`stock_uom` varchar(140),
`conversion_factor` decimal(21,9) not null default 1.0,
`rate` decimal(21,9) not null default 0,
`amount` decimal(21,9) not null default 0,
`rm_cost_per_qty` decimal(21,9) not null default 0,
`service_cost_per_qty` decimal(21,9) not null default 0,
`additional_cost_per_qty` decimal(21,9) not null default 0,
`scrap_cost_per_qty` decimal(21,9) not null default 0,
`rm_supp_cost` decimal(21,9) not null default 0,
`warehouse` varchar(140),
`subcontracting_order` varchar(140),
`subcontracting_order_item` varchar(140),
`subcontracting_receipt_item` varchar(140),
`rejected_warehouse` varchar(140),
`bom` varchar(140),
`include_exploded_items` int(1) not null default 0,
`quality_inspection` varchar(140),
`schedule_date` date,
`reference_name` varchar(140),
`serial_and_batch_bundle` varchar(140),
`use_serial_batch_fields` int(1) not null default 0,
`rejected_serial_and_batch_bundle` varchar(140),
`serial_no` text,
`rejected_serial_no` text,
`batch_no` varchar(140),
`manufacturer` varchar(140),
`manufacturer_part_no` varchar(140),
`expense_account` varchar(140),
`cost_center` varchar(140),
`project` varchar(140),
`page_break` int(1) not null default 0,
`purchase_order` varchar(140),
`purchase_order_item` varchar(140),
index `item_code`(`item_code`),
index `subcontracting_order`(`subcontracting_order`),
index `subcontracting_order_item`(`subcontracting_order_item`),
index `purchase_order`(`purchase_order`),
index `purchase_order_item`(`purchase_order_item`),
parent varchar(140),
parentfield varchar(140),
parenttype varchar(140),
index parent(parent))
			ENGINE=InnoDB
			ROW_FORMAT=DYNAMIC
			CHARACTER SET=utf8mb4
			COLLATE=utf8mb4_unicode_ci
2025-03-22 09:30:06,687 WARNING database DDL Query made to DB:
create table `tabSubcontracting BOM` (
			name varchar(140) primary key,
			creation datetime(6),
			modified datetime(6),
			modified_by varchar(140),
			owner varchar(140),
			docstatus int(1) not null default '0',
			idx int(8) not null default '0',
			`is_active` int(1) not null default 1,
`finished_good` varchar(140),
`finished_good_qty` decimal(21,9) not null default 1.0,
`finished_good_uom` varchar(140),
`finished_good_bom` varchar(140),
`service_item` varchar(140),
`service_item_qty` decimal(21,9) not null default 1.0,
`service_item_uom` varchar(140),
`conversion_factor` decimal(21,9) not null default 0,
`_user_tags` text,
`_comments` text,
`_assign` text,
`_liked_by` text,
index `finished_good`(`finished_good`),
index `finished_good_bom`(`finished_good_bom`),
index `service_item`(`service_item`),
index modified(modified))
			ENGINE=InnoDB
			ROW_FORMAT=DYNAMIC
			CHARACTER SET=utf8mb4
			COLLATE=utf8mb4_unicode_ci
2025-03-22 09:30:06,800 WARNING database DDL Query made to DB:
create table `tabSubcontracting Order Supplied Item` (
			name varchar(140) primary key,
			creation datetime(6),
			modified datetime(6),
			modified_by varchar(140),
			owner varchar(140),
			docstatus int(1) not null default '0',
			idx int(8) not null default '0',
			`main_item_code` varchar(140),
`rm_item_code` varchar(140),
`stock_uom` varchar(140),
`conversion_factor` decimal(21,9) not null default 1.0,
`reserve_warehouse` varchar(140),
`bom_detail_no` varchar(140),
`reference_name` varchar(140),
`rate` decimal(21,9) not null default 0,
`amount` decimal(21,9) not null default 0,
`required_qty` decimal(21,9) not null default 0,
`supplied_qty` decimal(21,9) not null default 0,
`consumed_qty` decimal(21,9) not null default 0,
`returned_qty` decimal(21,9) not null default 0,
`total_supplied_qty` decimal(21,9) not null default 0,
parent varchar(140),
parentfield varchar(140),
parenttype varchar(140),
index parent(parent))
			ENGINE=InnoDB
			ROW_FORMAT=DYNAMIC
			CHARACTER SET=utf8mb4
			COLLATE=utf8mb4_unicode_ci
2025-03-22 09:30:06,894 WARNING database DDL Query made to DB:
create table `tabCommon Code` (
			name varchar(140) primary key,
			creation datetime(6),
			modified datetime(6),
			modified_by varchar(140),
			owner varchar(140),
			docstatus int(1) not null default '0',
			idx int(8) not null default '0',
			`code_list` varchar(140),
`title` varchar(300),
`common_code` varchar(300),
`description` text,
`additional_data` longtext,
`_user_tags` text,
`_comments` text,
`_assign` text,
`_liked_by` text,
index `code_list`(`code_list`),
index `common_code`(`common_code`),
index modified(modified))
			ENGINE=InnoDB
			ROW_FORMAT=DYNAMIC
			CHARACTER SET=utf8mb4
			COLLATE=utf8mb4_unicode_ci
2025-03-22 09:30:06,958 WARNING database DDL Query made to DB:
ALTER TABLE `tabCommon Code`
				ADD INDEX IF NOT EXISTS `code_list_common_code_index`(code_list, common_code)
2025-03-22 09:30:07,022 WARNING database DDL Query made to DB:
create table `tabCode List` (
			name varchar(140) primary key,
			creation datetime(6),
			modified datetime(6),
			modified_by varchar(140),
			owner varchar(140),
			docstatus int(1) not null default '0',
			idx int(8) not null default '0',
			`title` varchar(140),
`canonical_uri` varchar(140),
`url` varchar(140),
`default_common_code` varchar(140),
`version` varchar(140),
`publisher` varchar(140),
`publisher_id` varchar(140),
`description` text,
`_user_tags` text,
`_comments` text,
`_assign` text,
`_liked_by` text,
index modified(modified))
			ENGINE=InnoDB
			ROW_FORMAT=DYNAMIC
			CHARACTER SET=utf8mb4
			COLLATE=utf8mb4_unicode_ci
2025-03-22 09:30:11,046 WARNING database DDL Query made to DB:
ALTER TABLE `tabAddress` ADD COLUMN `tax_category` varchar(140), ADD COLUMN `is_your_company_address` int(1) not null default 0
2025-03-22 09:30:11,123 WARNING database DDL Query made to DB:
ALTER TABLE `tabContact` ADD COLUMN `is_billing_contact` int(1) not null default 0
2025-03-22 14:19:42,249 WARNING database DDL Query made to DB:
create table `tabforcintro` (
			name varchar(140) primary key,
			creation datetime(6),
			modified datetime(6),
			modified_by varchar(140),
			owner varchar(140),
			docstatus int(1) not null default '0',
			idx int(8) not null default '0',
			`age` int(11) not null default 0,
`image` text,
`linked_doc` varchar(140),
`_user_tags` text,
`_comments` text,
`_assign` text,
`_liked_by` text,
index modified(modified))
			ENGINE=InnoDB
			ROW_FORMAT=DYNAMIC
			CHARACTER SET=utf8mb4
			COLLATE=utf8mb4_unicode_ci
2025-03-22 14:19:42,456 WARNING database DDL Query made to DB:
create table `tabArticle` (
			name varchar(140) primary key,
			creation datetime(6),
			modified datetime(6),
			modified_by varchar(140),
			owner varchar(140),
			docstatus int(1) not null default '0',
			idx int(8) not null default '0',
			`route` varchar(140),
`published` int(1) not null default 0,
`title` varchar(140),
`status` varchar(140),
`author` varchar(140),
`image` text,
`publisher` varchar(140),
`isbn` int(11) not null default 0,
`description` longtext,
`_user_tags` text,
`_comments` text,
`_assign` text,
`_liked_by` text,
index modified(modified))
			ENGINE=InnoDB
			ROW_FORMAT=DYNAMIC
			CHARACTER SET=utf8mb4
			COLLATE=utf8mb4_unicode_ci
2025-03-22 14:19:42,602 WARNING database DDL Query made to DB:
create table `tabforgetvalue` (
			name varchar(140) primary key,
			creation datetime(6),
			modified datetime(6),
			modified_by varchar(140),
			owner varchar(140),
			docstatus int(1) not null default '0',
			idx int(8) not null default '0',
			`fname` varchar(140),
`mname` varchar(140),
`lname` varchar(140),
`_user_tags` text,
`_comments` text,
`_assign` text,
`_liked_by` text,
index modified(modified))
			ENGINE=InnoDB
			ROW_FORMAT=DYNAMIC
			CHARACTER SET=utf8mb4
			COLLATE=utf8mb4_unicode_ci
2025-03-22 14:19:42,744 WARNING database DDL Query made to DB:
create table `tabclient side Scripting` (
			name varchar(140) primary key,
			creation datetime(6),
			modified datetime(6),
			modified_by varchar(140),
			owner varchar(140),
			docstatus int(1) not null default '0',
			idx int(8) not null default '0',
			`label` varchar(140),
`age` int(11) not null default 0,
`_user_tags` text,
`_comments` text,
`_assign` text,
`_liked_by` text,
index modified(modified))
			ENGINE=InnoDB
			ROW_FORMAT=DYNAMIC
			CHARACTER SET=utf8mb4
			COLLATE=utf8mb4_unicode_ci
2025-03-22 14:19:42,864 WARNING database DDL Query made to DB:
create table `tabPerson 1` (
			name varchar(140) primary key,
			creation datetime(6),
			modified datetime(6),
			modified_by varchar(140),
			owner varchar(140),
			docstatus int(1) not null default '0',
			idx int(8) not null default '0',
			`fname` varchar(140),
`sname` varchar(140),
`age` int(11) not null default 0,
`_user_tags` text,
`_comments` text,
`_assign` text,
`_liked_by` text,
index modified(modified))
			ENGINE=InnoDB
			ROW_FORMAT=DYNAMIC
			CHARACTER SET=utf8mb4
			COLLATE=utf8mb4_unicode_ci
2025-03-22 14:19:42,980 WARNING database DDL Query made to DB:
create table `tabnaming series docs` (
			name varchar(140) primary key,
			creation datetime(6),
			modified datetime(6),
			modified_by varchar(140),
			owner varchar(140),
			docstatus int(1) not null default '0',
			idx int(8) not null default '0',
			`label1` varchar(140) unique,
`label2` varchar(140),
`enable` int(1) not null default 0,
`_user_tags` text,
`_comments` text,
`_assign` text,
`_liked_by` text,
index modified(modified))
			ENGINE=InnoDB
			ROW_FORMAT=DYNAMIC
			CHARACTER SET=utf8mb4
			COLLATE=utf8mb4_unicode_ci
2025-03-22 14:19:43,102 WARNING database DDL Query made to DB:
create table `tabUtility Functions` (
			name varchar(140) primary key,
			creation datetime(6),
			modified datetime(6),
			modified_by varchar(140),
			owner varchar(140),
			docstatus int(1) not null default '0',
			idx int(8) not null default '0',
			`fname` varchar(140),
`age` int(11) not null default 0,
`_user_tags` text,
`_comments` text,
`_assign` text,
`_liked_by` text,
index modified(modified))
			ENGINE=InnoDB
			ROW_FORMAT=DYNAMIC
			CHARACTER SET=utf8mb4
			COLLATE=utf8mb4_unicode_ci
2025-03-22 14:19:43,236 WARNING database DDL Query made to DB:
ALTER TABLE `tabSingles` ADD COLUMN `enable` int(1) not null default 0, ADD COLUMN `_user_tags` text, ADD COLUMN `_comments` text, ADD COLUMN `_assign` text, ADD COLUMN `_liked_by` text
2025-03-22 14:19:43,359 WARNING database DDL Query made to DB:
create table `tabPerson` (
			name varchar(140) primary key,
			creation datetime(6),
			modified datetime(6),
			modified_by varchar(140),
			owner varchar(140),
			docstatus int(1) not null default '0',
			idx int(8) not null default '0',
			`fname` varchar(140),
`sname` varchar(140),
`age` int(11) not null default 0,
`gender` varchar(140),
`date` date,
`_user_tags` text,
`_comments` text,
`_assign` text,
`_liked_by` text,
index modified(modified))
			ENGINE=InnoDB
			ROW_FORMAT=DYNAMIC
			CHARACTER SET=utf8mb4
			COLLATE=utf8mb4_unicode_ci
2025-03-22 14:19:43,484 WARNING database DDL Query made to DB:
create table `tabNew Doctype` (
			name varchar(140) primary key,
			creation datetime(6),
			modified datetime(6),
			modified_by varchar(140),
			owner varchar(140),
			docstatus int(1) not null default '0',
			idx int(8) not null default '0',
			`attach` text,
`age` int(11) not null default 0,
`_user_tags` text,
`_comments` text,
`_assign` text,
`_liked_by` text,
index modified(modified))
			ENGINE=InnoDB
			ROW_FORMAT=DYNAMIC
			CHARACTER SET=utf8mb4
			COLLATE=utf8mb4_unicode_ci
2025-03-22 14:19:43,606 WARNING database DDL Query made to DB:
create table `tabclient for button` (
			name varchar(140) primary key,
			creation datetime(6),
			modified datetime(6),
			modified_by varchar(140),
			owner varchar(140),
			docstatus int(1) not null default '0',
			idx int(8) not null default '0',
			`label` varchar(140),
`label2` varchar(140),
`_user_tags` text,
`_comments` text,
`_assign` text,
`_liked_by` text,
index modified(modified))
			ENGINE=InnoDB
			ROW_FORMAT=DYNAMIC
			CHARACTER SET=utf8mb4
			COLLATE=utf8mb4_unicode_ci
2025-03-22 14:19:43,772 WARNING database DDL Query made to DB:
create table `tabserver side scripting` (
			name varchar(140) primary key,
			creation datetime(6),
			modified datetime(6),
			modified_by varchar(140),
			owner varchar(140),
			docstatus int(1) not null default '0',
			idx int(8) not null default '0',
			`fname` varchar(140),
`mname` varchar(140),
`lname` varchar(140),
`fullname` varchar(140),
`image` text,
`enable` int(1) not null default 0,
`dob` date,
`cname` varchar(140),
`address` longtext,
`contact` int(11) not null default 0,
`ddate` date,
`_user_tags` text,
`_comments` text,
`_assign` text,
`_liked_by` text,
index modified(modified))
			ENGINE=InnoDB
			ROW_FORMAT=DYNAMIC
			CHARACTER SET=utf8mb4
			COLLATE=utf8mb4_unicode_ci
2025-03-22 14:19:43,891 WARNING database DDL Query made to DB:
create table `tabissubmittable` (
			name varchar(140) primary key,
			creation datetime(6),
			modified datetime(6),
			modified_by varchar(140),
			owner varchar(140),
			docstatus int(1) not null default '0',
			idx int(8) not null default '0',
			`data` varchar(140),
`amended_from` varchar(140),
`_user_tags` text,
`_comments` text,
`_assign` text,
`_liked_by` text,
index `amended_from`(`amended_from`),
index modified(modified))
			ENGINE=InnoDB
			ROW_FORMAT=DYNAMIC
			CHARACTER SET=utf8mb4
			COLLATE=utf8mb4_unicode_ci
2025-03-22 14:19:44,011 WARNING database DDL Query made to DB:
create table `tabDocumnet API` (
			name varchar(140) primary key,
			creation datetime(6),
			modified datetime(6),
			modified_by varchar(140),
			owner varchar(140),
			docstatus int(1) not null default '0',
			idx int(8) not null default '0',
			`fname` varchar(140),
`lname` varchar(140),
`age` int(11) not null default 0,
`_user_tags` text,
`_comments` text,
`_assign` text,
`_liked_by` text,
index modified(modified))
			ENGINE=InnoDB
			ROW_FORMAT=DYNAMIC
			CHARACTER SET=utf8mb4
			COLLATE=utf8mb4_unicode_ci
2025-03-22 14:19:44,137 WARNING database DDL Query made to DB:
create table `tabDemo Request Approval` (
			name varchar(140) primary key,
			creation datetime(6),
			modified datetime(6),
			modified_by varchar(140),
			owner varchar(140),
			docstatus int(1) not null default '0',
			idx int(8) not null default '0',
			`user` varchar(140),
`access` varchar(140),
`timeperoid` varchar(140) default '1-day',
`reason` text,
`amended_from` varchar(140),
`_user_tags` text,
`_comments` text,
`_assign` text,
`_liked_by` text,
index `amended_from`(`amended_from`),
index modified(modified))
			ENGINE=InnoDB
			ROW_FORMAT=DYNAMIC
			CHARACTER SET=utf8mb4
			COLLATE=utf8mb4_unicode_ci
2025-03-22 14:19:44,255 WARNING database DDL Query made to DB:
create table `tabworker` (
			name varchar(140) primary key,
			creation datetime(6),
			modified datetime(6),
			modified_by varchar(140),
			owner varchar(140),
			docstatus int(1) not null default '0',
			idx int(8) not null default '0',
			`fname` varchar(140),
`sname` varchar(140),
`age` int(11) not null default 0,
`_user_tags` text,
`_comments` text,
`_assign` text,
`_liked_by` text,
index modified(modified))
			ENGINE=InnoDB
			ROW_FORMAT=DYNAMIC
			CHARACTER SET=utf8mb4
			COLLATE=utf8mb4_unicode_ci
2025-03-22 14:19:44,478 WARNING database DDL Query made to DB:
create table `tabTypes` (
			name varchar(140) primary key,
			creation datetime(6),
			modified datetime(6),
			modified_by varchar(140),
			owner varchar(140),
			docstatus int(1) not null default '0',
			idx int(8) not null default '0',
			`date` date,
`image` text,
`amended_from` varchar(140),
`_user_tags` text,
`_comments` text,
`_assign` text,
`_liked_by` text,
index `amended_from`(`amended_from`),
index modified(modified))
			ENGINE=InnoDB
			ROW_FORMAT=DYNAMIC
			CHARACTER SET=utf8mb4
			COLLATE=utf8mb4_unicode_ci
2025-03-22 14:19:44,584 WARNING database DDL Query made to DB:
create table `tabforctable` (
			name varchar(140) primary key,
			creation datetime(6),
			modified datetime(6),
			modified_by varchar(140),
			owner varchar(140),
			docstatus int(1) not null default '0',
			idx int(8) not null default '0',
			`data` varchar(140),
`hobby` varchar(140),
parent varchar(140),
parentfield varchar(140),
parenttype varchar(140),
index parent(parent))
			ENGINE=InnoDB
			ROW_FORMAT=DYNAMIC
			CHARACTER SET=utf8mb4
			COLLATE=utf8mb4_unicode_ci
2025-03-22 14:19:44,694 WARNING database DDL Query made to DB:
create table `tabforgetdocserverside` (
			name varchar(140) primary key,
			creation datetime(6),
			modified datetime(6),
			modified_by varchar(140),
			owner varchar(140),
			docstatus int(1) not null default '0',
			idx int(8) not null default '0',
			`data` varchar(140),
`number` int(11) not null default 0,
`clientdoclink` varchar(140),
`_user_tags` text,
`_comments` text,
`_assign` text,
`_liked_by` text,
index modified(modified))
			ENGINE=InnoDB
			ROW_FORMAT=DYNAMIC
			CHARACTER SET=utf8mb4
			COLLATE=utf8mb4_unicode_ci
2025-03-22 14:19:44,818 WARNING database DDL Query made to DB:
create table `tabview doctype` (
			name varchar(140) primary key,
			creation datetime(6),
			modified datetime(6),
			modified_by varchar(140),
			owner varchar(140),
			docstatus int(1) not null default '0',
			idx int(8) not null default '0',
			`label` varchar(140),
`age` int(11) not null default 0,
`hobby` varchar(140),
`_user_tags` text,
`_comments` text,
`_assign` text,
`_liked_by` text,
index modified(modified))
			ENGINE=InnoDB
			ROW_FORMAT=DYNAMIC
			CHARACTER SET=utf8mb4
			COLLATE=utf8mb4_unicode_ci
2025-03-22 14:19:44,962 WARNING database DDL Query made to DB:
create table `tabLinkedDoc` (
			name varchar(140) primary key,
			creation datetime(6),
			modified datetime(6),
			modified_by varchar(140),
			owner varchar(140),
			docstatus int(1) not null default '0',
			idx int(8) not null default '0',
			`age` int(11) not null default 0,
`address` varchar(140),
`map` longtext,
`_user_tags` text,
`_comments` text,
`_assign` text,
`_liked_by` text,
index modified(modified))
			ENGINE=InnoDB
			ROW_FORMAT=DYNAMIC
			CHARACTER SET=utf8mb4
			COLLATE=utf8mb4_unicode_ci
2025-03-22 14:19:45,163 WARNING database DDL Query made to DB:
create table `tabforchildclientscript` (
			name varchar(140) primary key,
			creation datetime(6),
			modified datetime(6),
			modified_by varchar(140),
			owner varchar(140),
			docstatus int(1) not null default '0',
			idx int(8) not null default '0',
			`data` varchar(140),
`_user_tags` text,
`_comments` text,
`_assign` text,
`_liked_by` text,
index modified(modified))
			ENGINE=InnoDB
			ROW_FORMAT=DYNAMIC
			CHARACTER SET=utf8mb4
			COLLATE=utf8mb4_unicode_ci
2025-03-22 14:19:45,278 WARNING database DDL Query made to DB:
create table `tabnewdocusingserverside` (
			name varchar(140) primary key,
			creation datetime(6),
			modified datetime(6),
			modified_by varchar(140),
			owner varchar(140),
			docstatus int(1) not null default '0',
			idx int(8) not null default '0',
			`label` varchar(140),
`age` int(11) not null default 0,
`_user_tags` text,
`_comments` text,
`_assign` text,
`_liked_by` text,
index modified(modified))
			ENGINE=InnoDB
			ROW_FORMAT=DYNAMIC
			CHARACTER SET=utf8mb4
			COLLATE=utf8mb4_unicode_ci
2025-03-22 14:19:45,404 WARNING database DDL Query made to DB:
create table `tabForsetvalue` (
			name varchar(140) primary key,
			creation datetime(6),
			modified datetime(6),
			modified_by varchar(140),
			owner varchar(140),
			docstatus int(1) not null default '0',
			idx int(8) not null default '0',
			`fname` varchar(140),
`mname` varchar(140),
`lname` varchar(140),
`fullname` varchar(140),
`_user_tags` text,
`_comments` text,
`_assign` text,
`_liked_by` text,
index modified(modified))
			ENGINE=InnoDB
			ROW_FORMAT=DYNAMIC
			CHARACTER SET=utf8mb4
			COLLATE=utf8mb4_unicode_ci
2025-03-22 14:19:45,532 WARNING database DDL Query made to DB:
create table `tabsingle` (
			name varchar(140) primary key,
			creation datetime(6),
			modified datetime(6),
			modified_by varchar(140),
			owner varchar(140),
			docstatus int(1) not null default '0',
			idx int(8) not null default '0',
			`color` varchar(140),
`fname` varchar(140),
`sname` varchar(140),
`age` int(11) not null default 0,
`_user_tags` text,
`_comments` text,
`_assign` text,
`_liked_by` text,
index modified(modified))
			ENGINE=InnoDB
			ROW_FORMAT=DYNAMIC
			CHARACTER SET=utf8mb4
			COLLATE=utf8mb4_unicode_ci
2025-03-22 14:19:45,652 WARNING database DDL Query made to DB:
create table `tabforgetvalueserverside` (
			name varchar(140) primary key,
			creation datetime(6),
			modified datetime(6),
			modified_by varchar(140),
			owner varchar(140),
			docstatus int(1) not null default '0',
			idx int(8) not null default '0',
			`fname` varchar(140),
`sname` varchar(140),
`tname` varchar(140),
`_user_tags` text,
`_comments` text,
`_assign` text,
`_liked_by` text,
index modified(modified))
			ENGINE=InnoDB
			ROW_FORMAT=DYNAMIC
			CHARACTER SET=utf8mb4
			COLLATE=utf8mb4_unicode_ci
2025-03-22 14:19:45,775 WARNING database DDL Query made to DB:
create table `tabfrmcall` (
			name varchar(140) primary key,
			creation datetime(6),
			modified datetime(6),
			modified_by varchar(140),
			owner varchar(140),
			docstatus int(1) not null default '0',
			idx int(8) not null default '0',
			`label` varchar(140),
`age` int(11) not null default 0,
`enable` int(1) not null default 0,
`_user_tags` text,
`_comments` text,
`_assign` text,
`_liked_by` text,
index modified(modified))
			ENGINE=InnoDB
			ROW_FORMAT=DYNAMIC
			CHARACTER SET=utf8mb4
			COLLATE=utf8mb4_unicode_ci
2025-03-22 14:19:45,897 WARNING database DDL Query made to DB:
create table `tabPractice` (
			name varchar(140) primary key,
			creation datetime(6),
			modified datetime(6),
			modified_by varchar(140),
			owner varchar(140),
			docstatus int(1) not null default '0',
			idx int(8) not null default '0',
			`age` int(11) not null default 0,
`fname` varchar(140),
`_user_tags` text,
`_comments` text,
`_assign` text,
`_liked_by` text,
index modified(modified))
			ENGINE=InnoDB
			ROW_FORMAT=DYNAMIC
			CHARACTER SET=utf8mb4
			COLLATE=utf8mb4_unicode_ci
2025-03-22 14:19:46,032 WARNING database DDL Query made to DB:
create table `tabserver side` (
			name varchar(140) primary key,
			creation datetime(6),
			modified datetime(6),
			modified_by varchar(140),
			owner varchar(140),
			docstatus int(1) not null default '0',
			idx int(8) not null default '0',
			`_user_tags` text,
`_comments` text,
`_assign` text,
`_liked_by` text,
index modified(modified))
			ENGINE=InnoDB
			ROW_FORMAT=DYNAMIC
			CHARACTER SET=utf8mb4
			COLLATE=utf8mb4_unicode_ci
2025-03-22 14:19:46,193 WARNING database DDL Query made to DB:
create table `tabDemo Doctype` (
			name varchar(140) primary key,
			creation datetime(6),
			modified datetime(6),
			modified_by varchar(140),
			owner varchar(140),
			docstatus int(1) not null default '0',
			idx int(8) not null default '0',
			`data` varchar(140) unique,
`salary` int(11) not null default 0,
`first_name` varchar(140),
`last_name` varchar(140),
`textdata` text,
`colors` varchar(140),
`aftercolor` varchar(140),
`image` text,
`texteditor` longtext,
`_user_tags` text,
`_comments` text,
`_assign` text,
`_liked_by` text,
index modified(modified))
			ENGINE=InnoDB
			ROW_FORMAT=DYNAMIC
			CHARACTER SET=utf8mb4
			COLLATE=utf8mb4_unicode_ci
2025-03-22 14:19:49,380 WARNING database DDL Query made to DB:
ALTER TABLE `tabSupplier` ADD COLUMN `custom_demo` varchar(140)
2025-03-22 14:23:11,337 WARNING database DDL Query made to DB:
ALTER TABLE `tabMaterial Request` ADD COLUMN `custom_demo` varchar(140)
2025-03-22 14:23:11,349 WARNING database DDL Query made to DB:
ALTER TABLE `tabMaterial Request` MODIFY `per_ordered` decimal(21,9) not null default 0, MODIFY `per_received` decimal(21,9) not null default 0
2025-03-22 14:23:11,480 WARNING database DDL Query made to DB:
ALTER TABLE `tabMaterial Request` MODIFY `per_ordered` decimal(21,9) not null default 0, MODIFY `per_received` decimal(21,9) not null default 0
2025-03-22 14:23:30,972 WARNING database DDL Query made to DB:
ALTER TABLE `tabMaterial Request` MODIFY `per_ordered` decimal(21,9) not null default 0, MODIFY `per_received` decimal(21,9) not null default 0
2025-03-22 14:24:41,121 WARNING database DDL Query made to DB:
ALTER TABLE `tabPurchase Order` ADD COLUMN `custom_demo` varchar(140)
2025-03-22 14:24:41,135 WARNING database DDL Query made to DB:
ALTER TABLE `tabPurchase Order` MODIFY `base_taxes_and_charges_deducted` decimal(21,9) not null default 0, MODIFY `grand_total` decimal(21,9) not null default 0, MODIFY `base_total` decimal(21,9) not null default 0, MODIFY `net_total` decimal(21,9) not null default 0, MODIFY `base_rounded_total` decimal(21,9) not null default 0, MODIFY `conversion_rate` decimal(21,9) not null default 0, MODIFY `per_received` decimal(21,9) not null default 0, MODIFY `base_total_taxes_and_charges` decimal(21,9) not null default 0, MODIFY `total_net_weight` decimal(21,9) not null default 0, MODIFY `base_rounding_adjustment` decimal(21,9) not null default 0, MODIFY `taxes_and_charges_added` decimal(21,9) not null default 0, MODIFY `advance_paid` decimal(21,9) not null default 0, MODIFY `taxes_and_charges_deducted` decimal(21,9) not null default 0, MODIFY `total` decimal(21,9) not null default 0, MODIFY `per_billed` decimal(21,9) not null default 0, MODIFY `base_net_total` decimal(21,9) not null default 0, MODIFY `plc_conversion_rate` decimal(21,9) not null default 0, MODIFY `total_taxes_and_charges` decimal(21,9) not null default 0, MODIFY `rounding_adjustment` decimal(21,9) not null default 0, MODIFY `discount_amount` decimal(21,9) not null default 0, MODIFY `base_discount_amount` decimal(21,9) not null default 0, MODIFY `additional_discount_percentage` decimal(21,9) not null default 0, MODIFY `base_grand_total` decimal(21,9) not null default 0, MODIFY `rounded_total` decimal(21,9) not null default 0, MODIFY `base_taxes_and_charges_added` decimal(21,9) not null default 0, MODIFY `total_qty` decimal(21,9) not null default 0, MODIFY `base_tax_withholding_net_total` decimal(21,9) not null default 0
2025-03-22 14:24:41,368 WARNING database DDL Query made to DB:
ALTER TABLE `tabPurchase Order` MODIFY `grand_total` decimal(21,9) not null default 0, MODIFY `taxes_and_charges_deducted` decimal(21,9) not null default 0, MODIFY `base_rounding_adjustment` decimal(21,9) not null default 0, MODIFY `total` decimal(21,9) not null default 0, MODIFY `total_qty` decimal(21,9) not null default 0, MODIFY `base_grand_total` decimal(21,9) not null default 0, MODIFY `additional_discount_percentage` decimal(21,9) not null default 0, MODIFY `total_taxes_and_charges` decimal(21,9) not null default 0, MODIFY `conversion_rate` decimal(21,9) not null default 0, MODIFY `per_billed` decimal(21,9) not null default 0, MODIFY `base_tax_withholding_net_total` decimal(21,9) not null default 0, MODIFY `base_taxes_and_charges_added` decimal(21,9) not null default 0, MODIFY `taxes_and_charges_added` decimal(21,9) not null default 0, MODIFY `advance_paid` decimal(21,9) not null default 0, MODIFY `base_total` decimal(21,9) not null default 0, MODIFY `rounded_total` decimal(21,9) not null default 0, MODIFY `base_discount_amount` decimal(21,9) not null default 0, MODIFY `base_net_total` decimal(21,9) not null default 0, MODIFY `base_taxes_and_charges_deducted` decimal(21,9) not null default 0, MODIFY `rounding_adjustment` decimal(21,9) not null default 0, MODIFY `net_total` decimal(21,9) not null default 0, MODIFY `plc_conversion_rate` decimal(21,9) not null default 0, MODIFY `total_net_weight` decimal(21,9) not null default 0, MODIFY `per_received` decimal(21,9) not null default 0, MODIFY `discount_amount` decimal(21,9) not null default 0, MODIFY `base_total_taxes_and_charges` decimal(21,9) not null default 0, MODIFY `base_rounded_total` decimal(21,9) not null default 0
2025-03-22 14:36:26,384 WARNING database DDL Query made to DB:
ALTER TABLE `tabMaterial Request` MODIFY `per_ordered` decimal(21,9) not null default 0, MODIFY `per_received` decimal(21,9) not null default 0
